<?xml version="1.0" encoding="UTF-8"?>
<!-- Generated by org.testng.reporters.JUnitXMLReporter -->
<testsuite ignored="0" hostname="DESKTOP-3E2EL0O" failures="0" tests="7" name="Test" time="485.812" errors="0" timestamp="2022-06-23T00:22:26 IST">
  <testcase classname="Academy.testCase5" name="getTestCase5" time="5.335"/>
  <testcase classname="Academy.testCase4" name="getTestCase4" time="46.236"/>
  <testcase classname="Academy.testCase3" name="getTestCase3" time="3.553"/>
  <testcase classname="Academy.testCase2" name="getTestCase2" time="20.678"/>
  <testcase classname="Academy.testCase7" name="getTestCase7" time="12.634"/>
  <testcase classname="Academy.testCase6" name="getTestCase6" time="2.996"/>
  <testcase classname="Academy.testCase1" name="getTestCase1" time="1.885"/>
</testsuite> <!-- Test -->
